<?xml version="1.0" encoding="UTF-8"?>
<!-- Generated by org.testng.reporters.JUnitReportReporter -->
<testsuite hostname="Thiru" name="gitTest.GitTest" tests="1" failures="0" timestamp="19 Jul 2019 05:10:27 GMT" time="63.389" errors="0">
  <testcase name="bing" time="63.389" classname="gitTest.GitTest"/>
</testsuite> <!-- gitTest.GitTest -->
